# JRE version: OpenJDK Runtime Environment (17.0.6) (build 17.0.6+0-b2043.56-9586694)
# Java VM: OpenJDK 64-Bit Server VM (17.0.6+0-b2043.56-9586694, mixed mode, tiered, compressed oops, compressed class ptrs, g1 gc, windows-amd64)
GC Precious Log:
 CPUs: 4 total, 4 available
 Memory: 8084M
 Large Page Support: Disabled
 NUMA Support: Disabled
 Compressed Oops: Enabled (32-bit)
 Heap Region Size: 1M
 Heap Min Capacity: 8M
 Heap Initial Capacity: 128M
 Heap Max Capacity: 2G
 Pre-touch: Disabled
 Parallel Workers: 4
 Concurrent Workers: 1
 Concurrent Refinement Workers: 4
 Periodic GC: Disabled
Heap:
 garbage-first heap   total 290816K, used 142660K [0x0000000080000000, 0x0000000100000000)
  region size 1024K, 25 young (25600K), 11 survivors (11264K)
 Metaspace       used 129984K, committed 130944K, reserved 1163264K
  class space    used 17466K, committed 17920K, reserved 1048576K
GC Heap History (20 events):
Event: 58.353 GC heap before
{Heap before GC invocations=51 (full 0):
 garbage-first heap   total 241664K, used 127384K [0x0000000080000000, 0x0000000100000000)
  region size 1024K, 11 young (11264K), 10 survivors (10240K)
 Metaspace       used 122324K, committed 123072K, reserved 1163264K
  class space    used 16645K, committed 17024K, reserved 1048576K
}
Event: 58.380 GC heap after
{Heap after GC invocations=52 (full 0):
 garbage-first heap   total 241664K, used 126377K [0x0000000080000000, 0x0000000100000000)
  region size 1024K, 2 young (2048K), 2 survivors (2048K)
 Metaspace       used 122324K, committed 123072K, reserved 1163264K
  class space    used 16645K, committed 17024K, reserved 1048576K
}
Event: 60.866 GC heap before
{Heap before GC invocations=52 (full 0):
 garbage-first heap   total 241664K, used 192937K [0x0000000080000000, 0x0000000100000000)
  region size 1024K, 66 young (67584K), 2 survivors (2048K)
 Metaspace       used 125191K, committed 126016K, reserved 1163264K
  class space    used 17047K, committed 17408K, reserved 1048576K
}
Event: 60.889 GC heap after
{Heap after GC invocations=53 (full 0):
 garbage-first heap   total 241664K, used 133544K [0x0000000080000000, 0x0000000100000000)
  region size 1024K, 8 young (8192K), 8 survivors (8192K)
 Metaspace       used 125191K, committed 126016K, reserved 1163264K
  class space    used 17047K, committed 17408K, reserved 1048576K
}
Event: 126.877 GC heap before
{Heap before GC invocations=54 (full 0):
 garbage-first heap   total 241664K, used 209320K [0x0000000080000000, 0x0000000100000000)
  region size 1024K, 67 young (68608K), 8 survivors (8192K)
 Metaspace       used 127903K, committed 128704K, reserved 1163264K
  class space    used 17372K, committed 17728K, reserved 1048576K
}
Event: 126.895 GC heap after
{Heap after GC invocations=55 (full 0):
 garbage-first heap   total 241664K, used 130753K [0x0000000080000000, 0x0000000100000000)
  region size 1024K, 6 young (6144K), 6 survivors (6144K)
 Metaspace       used 127903K, committed 128704K, reserved 1163264K
  class space    used 17372K, committed 17728K, reserved 1048576K
}
Event: 127.078 GC heap before
{Heap before GC invocations=55 (full 0):
 garbage-first heap   total 241664K, used 135873K [0x0000000080000000, 0x0000000100000000)
  region size 1024K, 11 young (11264K), 6 survivors (6144K)
 Metaspace       used 127926K, committed 128704K, reserved 1163264K
  class space    used 17372K, committed 17728K, reserved 1048576K
}
Event: 127.094 GC heap after
{Heap after GC invocations=56 (full 0):
 garbage-first heap   total 241664K, used 126344K [0x0000000080000000, 0x0000000100000000)
  region size 1024K, 1 young (1024K), 1 survivors (1024K)
 Metaspace       used 127926K, committed 128704K, reserved 1163264K
  class space    used 17372K, committed 17728K, reserved 1048576K
}
Event: 128.946 GC heap before
{Heap before GC invocations=56 (full 0):
 garbage-first heap   total 241664K, used 194952K [0x0000000080000000, 0x0000000100000000)
  region size 1024K, 66 young (67584K), 1 survivors (1024K)
 Metaspace       used 128259K, committed 129024K, reserved 1163264K
  class space    used 17376K, committed 17728K, reserved 1048576K
}
Event: 128.958 GC heap after
{Heap after GC invocations=57 (full 0):
 garbage-first heap   total 290816K, used 130795K [0x0000000080000000, 0x0000000100000000)
  region size 1024K, 4 young (4096K), 4 survivors (4096K)
 Metaspace       used 128259K, committed 129024K, reserved 1163264K
  class space    used 17376K, committed 17728K, reserved 1048576K
}
Event: 129.460 GC heap before
{Heap before GC invocations=57 (full 0):
 garbage-first heap   total 290816K, used 142059K [0x0000000080000000, 0x0000000100000000)
  region size 1024K, 16 young (16384K), 4 survivors (4096K)
 Metaspace       used 128430K, committed 129216K, reserved 1163264K
  class space    used 17377K, committed 17728K, reserved 1048576K
}
Event: 129.469 GC heap after
{Heap after GC invocations=58 (full 0):
 garbage-first heap   total 290816K, used 128392K [0x0000000080000000, 0x0000000100000000)
  region size 1024K, 3 young (3072K), 3 survivors (3072K)
 Metaspace       used 128430K, committed 129216K, reserved 1163264K
  class space    used 17377K, committed 17728K, reserved 1048576K
}
Event: 228.083 GC heap before
{Heap before GC invocations=59 (full 0):
 garbage-first heap   total 290816K, used 245128K [0x0000000080000000, 0x0000000100000000)
  region size 1024K, 107 young (109568K), 3 survivors (3072K)
 Metaspace       used 129253K, committed 130112K, reserved 1163264K
  class space    used 17448K, committed 17856K, reserved 1048576K
}
Event: 228.102 GC heap after
{Heap after GC invocations=60 (full 0):
 garbage-first heap   total 290816K, used 131443K [0x0000000080000000, 0x0000000100000000)
  region size 1024K, 8 young (8192K), 8 survivors (8192K)
 Metaspace       used 129253K, committed 130112K, reserved 1163264K
  class space    used 17448K, committed 17856K, reserved 1048576K
}
Event: 228.254 GC heap before
{Heap before GC invocations=60 (full 0):
 garbage-first heap   total 290816K, used 137587K [0x0000000080000000, 0x0000000100000000)
  region size 1024K, 14 young (14336K), 8 survivors (8192K)
 Metaspace       used 129312K, committed 130240K, reserved 1163264K
  class space    used 17460K, committed 17920K, reserved 1048576K
}
Event: 228.301 GC heap after
{Heap after GC invocations=61 (full 0):
 garbage-first heap   total 290816K, used 117595K [0x0000000080000000, 0x0000000100000000)
  region size 1024K, 1 young (1024K), 1 survivors (1024K)
 Metaspace       used 129312K, committed 130240K, reserved 1163264K
  class space    used 17460K, committed 17920K, reserved 1048576K
}
Event: 453.643 GC heap before
{Heap before GC invocations=61 (full 0):
 garbage-first heap   total 290816K, used 250715K [0x0000000080000000, 0x0000000100000000)
  region size 1024K, 117 young (119808K), 1 survivors (1024K)
 Metaspace       used 129916K, committed 130880K, reserved 1163264K
  class space    used 17466K, committed 17920K, reserved 1048576K
}
Event: 453.661 GC heap after
{Heap after GC invocations=62 (full 0):
 garbage-first heap   total 290816K, used 126674K [0x0000000080000000, 0x0000000100000000)
  region size 1024K, 8 young (8192K), 8 survivors (8192K)
 Metaspace       used 129916K, committed 130880K, reserved 1163264K
  class space    used 17466K, committed 17920K, reserved 1048576K
}
Event: 454.297 GC heap before
{Heap before GC invocations=62 (full 0):
 garbage-first heap   total 290816K, used 144082K [0x0000000080000000, 0x0000000100000000)
  region size 1024K, 27 young (27648K), 8 survivors (8192K)
 Metaspace       used 129983K, committed 130944K, reserved 1163264K
  class space    used 17466K, committed 17920K, reserved 1048576K
}
Event: 454.323 GC heap after
{Heap after GC invocations=63 (full 0):
 garbage-first heap   total 290816K, used 128324K [0x0000000080000000, 0x0000000100000000)
  region size 1024K, 11 young (11264K), 11 survivors (11264K)
 Metaspace       used 129983K, committed 130944K, reserved 1163264K
  class space    used 17466K, committed 17920K, reserved 1048576K
}

